 GET /api/
 POST /api/
 POST /api/
 POST /api/
 PUT /api/2
 PUT /api/2
 PUT /api/2
 PUT /api/2
 PUT /api/2
 POST /api/
 DELETE /api/1
 GET /
 GET /
 GET /api
 GET /api
 PUT /api/2
 GET /api
 GET /favicon.ico
 GET /api/2
 GET /api/
 POST /api/
 PUT /api/
 PUT /api/3
 DELETE /api/3
 DELETE /api/2
 POST /api/
 POST /api/
 PUT /api/2
 DELETE /api/2
 POST /api/login
 POST /api/login
 POST /api/login
 POST /api/login
 POST /api/login
 POST /api/login
 POST /api/login
 POST /api/login
 GET /api/get
 GET /api/user
 POST /api/login
 GET /api/user
 GET /api/user
 GET /api/user
 POST /api/
 POST /api/login
 GET /api/user
 GET /api/user
 GET /api/user
 GET /api/user
 GET /api/user
 GET /api/user
 POST /api/user
 POST /api/login
 GET /api/login
 GET /api/user
 POST /api/login
 POST /api/login
 GET /api/user
 POST /api/login
 GET /api/user
 GET /api/
 POST /api/
 POST /api/
 PUT /api/4
 PUT /api/4
 PUT /api/:4
 PUT /api/:4
 PUT /api/4
 DELETE /api/3
 DELETE /api/4
 POST /api/login
 POST /auth/login
 POST /login%0A
 POST /auth/login
 POST /api/auth/login%0A
 POST /api/auth/login
 POST /api/auth/login
 GET /api/auth/user
 POST /api/user
 POST /api/user
 POST /api/login
 POST /api/auth/login
 POST /api/auth/login
 POST /api/login
 POST /api/auth/login
 GET /api/auth/user
 GET /api/
 POST /api/
 PUT /api/3
 DELETE /api/3
 DELETE /api/2
 DELETE /api/2
 GET /api/
 POST /api/
 PUT /api/2
 DELETE /api/2
 POST /api/auth/login
 POST /api/auth/login
 GET /api/auth/users
 GET /api/auth/user
 GET /api/auth/user
 GET /api/
 POST /api/
 POST /api/
 POST /api/
 GET /api/
 PUT /api/1
 POST /api/1
 PUT /api/1
 GET /api/
 POST /api/
 PUT /api/4
 DELETE /api/4
 POST /api/auth/login
 POST /api/auth/login
 POST /api/auth/login
 GET /api/auth/user
 GET /
 GET /
 GET /upload
 GET /upload/
 GET /upload/upload
 GET /upload/form
 GET /upload/form
 GET /upload/form
 GET /upload/form
 GET /upload/form
 GET /upload/form
 GET /upload/for
 GET /favicon.ico
 GET /upload/form
 GET /upload/form
 GET /upload/form
 POST /upload
 GET /upload/form
 GET /upload/form
 GET /upload/form
 POST /upload
 GET /form
 GET /form
 POST /upload
 POST /upload
 GET /upload/form
 POST /upload
 GET /form
 GET /form
 GET /upload/
 GET /upload/form
 GET /upload/form
 GET /upload/form
 GET /upload/form
 POST /api/auth/login
 GET /api/auth/user
 GET /api/auth/user
 GET /api/auth/user
 GET /api/auth/user
 POST /api/auth/login
 POST /api/auth/login
 POST /api/auth/login
 GET /api/auth/user?aut
 POST /upload
 POST /upload
 POST /upload
 POST /upload
 POST /upload
 POST /upload
 POST /upload
 GET /api/
 POST /api/
 PUT /api/4
 GET /api/
 POST /api/
 PUT /api/5
 DELETE /api/5
 DELETE /api/auth/login
 POST /api/auth/login
 GET /api/auth/u
 GET /api/auth/user
 GET /api/auth/user
 GET /api/auth/user
 GET /api/auth/user
 GET /api/auth/user
 POST /api/auth/login
 GET /api/auth/user
 GET /api/auth/user
 POST /api/auth/l
 GET /api/auth/user
 GET /api/auth/user
 GET /api/auth/user
 POST /api/auth/login
 POST /api/auth/user
 GET /api/auth/user
 GET /
 GET /
 GET /api
 GET /favicon.ico
 GET /auth/form
 GET /upload/for
 GET /favicon.ico
 GET /upload/form
GET /api/
POST /api/
PUT /api/5
DELETE /api/5
POST /api/auth/login
GET /api/auth/user
GET /api/auth/user
GET /upload/form
POST /
POST /
POST /
GET /upload/form
POST /upload
POST /upload
POST /upload
POST /upload
POST /upload
POST /upload
GET /
GET /
POST /upload
POST /upload
POST /upload
GET /upload/form
GET /upload/form
GET /upload/form
GET /upload/form
POST /
GET /upload/form
GET /upload/form
GET /upload/form
GET /upload/form
GET /upload/form
GET /upload/form
GET /upload/form
GET /upload/form
GET /upload/form
GET /
GET /form
GET /file/form
GET /favicon.ico
POST /
POST /
POST /
POST /
GET /
GET /
GET /file/form
GET /favicon.ico
POST /file/Upload
POST /file/Upload
GET /file/form
POST /file/upload
GET /api
GET /api/
POST /api/
POST /api/
GET /file/form
POST /file/upload
POST /file/upload
GET /file/form
POST /file/upload
POST /file/upload
POST /file/upload
GET /upload.html
GET /api
GET /form
GET /form
GET /api
GET /api/form
GET /api/form
GET /api/form
GET /api/form
GET /api/form
GET /api/form
GET /api/form
GET /api
GET /form
GET /form
GET //form
GET //form
GET //form
GET //form
GET //form
GET //form
GET /
GET /favicon.ico
GET /form
GET /form
GET /form
GET /form
GET /form
GET /form
GET /form
GET /form
GET /form
GET /form
POST /upload
GET /
GET /
POST /upload
POST /upload
POST /upload
POST /upload
POST /FileUpload/upload
POST /upload
POST /fileUpload/upload
POST /FileUpload/upload
POST /fileUpload/upload
POST /fileUpload/upload
POST /fileUpload/upload
POST /fileUpload/upload
POST /fileUpload/upload
POST /fileUpload/upload
POST /fileUpload/upload
POST /fileUpload/upload
POST /fileUpload/upload
POST /fileUpload/upload
POST /fileUpload/upload
POST /fileUpload/upload
POST /fileUpload/upload
POST /fileUpload/upload
POST /fileUpload/upload
GET /
GET /upload/for
GET /upload/
GET /favicon.ico
POST /fileUpload/upload
POST /fileUpload/upload
POST /fileUpload/upload
GET /form
GET /form
GET /api/form
GET /fileUpload/upload
GET /fileUpload/form
GET /fileUpload/form
POST /fileUpload/upload
